<?xml version="1.0" encoding="UTF-8"?>
<!-- Generated by org.testng.reporters.JUnitXMLReporter -->
<testsuite ignored="0" hostname="E0841685" failures="1" tests="7" name="Command line test" time="170.621" errors="0" timestamp="2022-12-18T11:49:34 EET">
  <testcase classname="Tests.LoginTest" name="@BeforeClass setup" time="99.349">
    <failure type="org.openqa.selenium.WebDriverException" message="unknown error: cannot determine loading status
from disconnected: unable to send message to renderer
  (Session info: chrome=108.0.5359.125)
Build info: version: &amp;apos;4.7.1&amp;apos;, revision: &amp;apos;c6795baf1a3&amp;apos;
System info: os.name: &amp;apos;Windows 10&amp;apos;, os.arch: &amp;apos;amd64&amp;apos;, os.version: &amp;apos;10.0&amp;apos;, java.version: &amp;apos;17.0.5&amp;apos;
Driver info: org.openqa.selenium.chrome.ChromeDriver
Command: [a15b05ea426949bb69de50a3db23df65, clickElement {id=a8d5d3d2-4ab9-4d16-b99a-47a10e45c905}]
Capabilities {acceptInsecureCerts: false, browserName: chrome, browserVersion: 108.0.5359.125, chrome: {chromedriverVersion: 108.0.5359.71 (1e0e3868ee06..., userDataDir: C:\Users\ibrahimt\AppData\L...}, goog:chromeOptions: {debuggerAddress: localhost:59264}, networkConnectionEnabled: false, pageLoadStrategy: normal, platformName: WINDOWS, proxy: Proxy(), se:cdp: ws://localhost:59264/devtoo..., se:cdpVersion: 108.0.5359.125, setWindowRect: true, strictFileInteractability: false, timeouts: {implicit: 0, pageLoad: 300000, script: 30000}, unhandledPromptBehavior: dismiss and notify, webauthn:extension:credBlob: true, webauthn:extension:largeBlob: true, webauthn:virtualAuthenticators: true}
Element: [[ChromeDriver: chrome on WINDOWS (a15b05ea426949bb69de50a3db23df65)] -&amp;gt; xpath: //*[@data-qa=&amp;apos;signup-button&amp;apos;]]
Session ID: a15b05ea426949bb69de50a3db23df65">
      <![CDATA[org.openqa.selenium.WebDriverException: unknown error: cannot determine loading status
from disconnected: unable to send message to renderer
  (Session info: chrome=108.0.5359.125)
Build info: version: '4.7.1', revision: 'c6795baf1a3'
System info: os.name: 'Windows 10', os.arch: 'amd64', os.version: '10.0', java.version: '17.0.5'
Driver info: org.openqa.selenium.chrome.ChromeDriver
Command: [a15b05ea426949bb69de50a3db23df65, clickElement {id=a8d5d3d2-4ab9-4d16-b99a-47a10e45c905}]
Capabilities {acceptInsecureCerts: false, browserName: chrome, browserVersion: 108.0.5359.125, chrome: {chromedriverVersion: 108.0.5359.71 (1e0e3868ee06..., userDataDir: C:\Users\ibrahimt\AppData\L...}, goog:chromeOptions: {debuggerAddress: localhost:59264}, networkConnectionEnabled: false, pageLoadStrategy: normal, platformName: WINDOWS, proxy: Proxy(), se:cdp: ws://localhost:59264/devtoo..., se:cdpVersion: 108.0.5359.125, setWindowRect: true, strictFileInteractability: false, timeouts: {implicit: 0, pageLoad: 300000, script: 30000}, unhandledPromptBehavior: dismiss and notify, webauthn:extension:credBlob: true, webauthn:extension:largeBlob: true, webauthn:virtualAuthenticators: true}
Element: [[ChromeDriver: chrome on WINDOWS (a15b05ea426949bb69de50a3db23df65)] -> xpath: //*[@data-qa='signup-button']]
Session ID: a15b05ea426949bb69de50a3db23df65
at org.openqa.selenium.remote.codec.w3c.W3CHttpResponseCodec.createException(W3CHttpResponseCodec.java:200)
at org.openqa.selenium.remote.codec.w3c.W3CHttpResponseCodec.decode(W3CHttpResponseCodec.java:133)
at org.openqa.selenium.remote.codec.w3c.W3CHttpResponseCodec.decode(W3CHttpResponseCodec.java:53)
at org.openqa.selenium.remote.HttpCommandExecutor.execute(HttpCommandExecutor.java:184)
at org.openqa.selenium.remote.service.DriverCommandExecutor.invokeExecute(DriverCommandExecutor.java:167)
at org.openqa.selenium.remote.service.DriverCommandExecutor.execute(DriverCommandExecutor.java:142)
at org.openqa.selenium.remote.RemoteWebDriver.execute(RemoteWebDriver.java:551)
at org.openqa.selenium.remote.RemoteWebElement.execute(RemoteWebElement.java:257)
at org.openqa.selenium.remote.RemoteWebElement.click(RemoteWebElement.java:78)
at Pages.RegisterPage.clickSignUpBtn(RegisterPage.java:73)
at Tests.LoginTest.setup(LoginTest.java:35)
at java.base/java.util.ArrayList.forEach(ArrayList.java:1511)
... Removed 40 stack frames]]>
    </failure>
  </testcase> <!-- @BeforeClass setup -->
  <testcase classname="Tests.LoginTest" name="@AfterClass tearDown" time="0.0">
    <skipped/>
  </testcase> <!-- @AfterClass tearDown -->
  <testcase classname="Tests.LoginTest" name="loginValidationFail" time="0.0">
    <skipped/>
  </testcase> <!-- loginValidationFail -->
  <testcase classname="Tests.LoginTest" name="loginValidationSuccess" time="0.0">
    <skipped/>
  </testcase> <!-- loginValidationSuccess -->
  <testcase classname="Tests.LoginTest" name="logoutValidation" time="0.0">
    <skipped/>
  </testcase> <!-- logoutValidation -->
  <testcase classname="Tests.ProductsTest" name="addProductsInCartValidation" time="6.534"/>
  <testcase classname="Tests.ProductsTest" name="searchProductsValidation" time="4.625">
    <failure type="java.lang.AssertionError" message="The following asserts failed:
	Search results has unrelated items expected [true] but found [false],
	Search results has unrelated items expected [true] but found [false]">
      <![CDATA[java.lang.AssertionError: The following asserts failed:
Search results has unrelated items expected [true] but found [false],
Search results has unrelated items expected [true] but found [false]
at Tests.ProductsTest.searchProductsValidation(ProductsTest.java:46)
at java.base/java.util.ArrayList.forEach(ArrayList.java:1511)
... Removed 39 stack frames]]>
    </failure>
  </testcase> <!-- searchProductsValidation -->
  <testcase classname="Tests.RegisterTest" name="signUpValidationSuccess" time="16.854"/>
  <testcase classname="Tests.RegisterTest" name="signUpWithExistingEmail" time="1.596"/>
</testsuite> <!-- Command line test -->
